<?xml version="1.0" encoding="UTF-8"?>
<testng-results ignored="0" total="5" passed="5" failed="0" skipped="0">
  <reporter-output>
  </reporter-output>
  <suite started-at="2022-06-24T12:15:48 IST" name="Default suite" finished-at="2022-06-24T12:17:44 IST" duration-ms="116445">
    <groups>
      <group name="cucumber">
        <method signature="AbstractTestNGCucumberTests.runScenario(io.cucumber.testng.PickleWrapper,io.cucumber.testng.FeatureWrapper)[pri:0, instance:cucumberOptions.TestNGRunner@740773a3]" name="runScenario" class="io.cucumber.testng.AbstractTestNGCucumberTests"/>
      </group> <!-- cucumber -->
    </groups>
    <test started-at="2022-06-24T12:15:48 IST" name="Default test" finished-at="2022-06-24T12:17:44 IST" duration-ms="116445">
      <class name="cucumberOptions.TestNGRunner">
        <test-method is-config="true" signature="setUpClass(org.testng.ITestContext)[pri:0, instance:cucumberOptions.TestNGRunner@740773a3]" started-at="2022-06-24T12:15:48 IST" name="setUpClass" finished-at="2022-06-24T12:15:48 IST" duration-ms="649" status="PASS">
          <params>
            <param index="0">
              <value>
                <![CDATA[org.testng.TestRunner@36b9cb99]]>
              </value>
            </param>
          </params>
          <reporter-output>
          </reporter-output>
        </test-method> <!-- setUpClass -->
        <test-method signature="runScenario(io.cucumber.testng.PickleWrapper,io.cucumber.testng.FeatureWrapper)[pri:0, instance:cucumberOptions.TestNGRunner@740773a3]" started-at="2022-06-24T12:15:48 IST" name="runScenario" description="Runs Cucumber Scenarios" data-provider="scenarios" finished-at="2022-06-24T12:16:16 IST" duration-ms="27963" status="PASS">
          <params>
            <param index="0">
              <value>
                <![CDATA["User is  not able login1 with the invalid credentials"]]>
              </value>
            </param>
            <param index="1">
              <value>
                <![CDATA["Title of your feature1"]]>
              </value>
            </param>
          </params>
          <reporter-output>
          </reporter-output>
        </test-method> <!-- runScenario -->
        <test-method signature="runScenario(io.cucumber.testng.PickleWrapper,io.cucumber.testng.FeatureWrapper)[pri:0, instance:cucumberOptions.TestNGRunner@740773a3]" started-at="2022-06-24T12:16:16 IST" name="runScenario" description="Runs Cucumber Scenarios" data-provider="scenarios" finished-at="2022-06-24T12:16:36 IST" duration-ms="20137" status="PASS">
          <params>
            <param index="0">
              <value>
                <![CDATA["User is  not able login1 with the invalid credentials"]]>
              </value>
            </param>
            <param index="1">
              <value>
                <![CDATA["Title of your feature1"]]>
              </value>
            </param>
          </params>
          <reporter-output>
          </reporter-output>
        </test-method> <!-- runScenario -->
        <test-method signature="runScenario(io.cucumber.testng.PickleWrapper,io.cucumber.testng.FeatureWrapper)[pri:0, instance:cucumberOptions.TestNGRunner@740773a3]" started-at="2022-06-24T12:16:36 IST" name="runScenario" description="Runs Cucumber Scenarios" data-provider="scenarios" finished-at="2022-06-24T12:16:58 IST" duration-ms="21597" status="PASS">
          <params>
            <param index="0">
              <value>
                <![CDATA["User is  not able login1 with the invalid credentials"]]>
              </value>
            </param>
            <param index="1">
              <value>
                <![CDATA["Title of your feature1"]]>
              </value>
            </param>
          </params>
          <reporter-output>
          </reporter-output>
        </test-method> <!-- runScenario -->
        <test-method signature="runScenario(io.cucumber.testng.PickleWrapper,io.cucumber.testng.FeatureWrapper)[pri:0, instance:cucumberOptions.TestNGRunner@740773a3]" started-at="2022-06-24T12:16:58 IST" name="runScenario" description="Runs Cucumber Scenarios" data-provider="scenarios" finished-at="2022-06-24T12:17:21 IST" duration-ms="22639" status="PASS">
          <params>
            <param index="0">
              <value>
                <![CDATA["User is  not able login1 with the invalid credentials"]]>
              </value>
            </param>
            <param index="1">
              <value>
                <![CDATA["Title of your feature1"]]>
              </value>
            </param>
          </params>
          <reporter-output>
          </reporter-output>
        </test-method> <!-- runScenario -->
        <test-method signature="runScenario(io.cucumber.testng.PickleWrapper,io.cucumber.testng.FeatureWrapper)[pri:0, instance:cucumberOptions.TestNGRunner@740773a3]" started-at="2022-06-24T12:17:21 IST" name="runScenario" description="Runs Cucumber Scenarios" data-provider="scenarios" finished-at="2022-06-24T12:17:44 IST" duration-ms="23398" status="PASS">
          <params>
            <param index="0">
              <value>
                <![CDATA["User is  not able login1 with the invalid credentials"]]>
              </value>
            </param>
            <param index="1">
              <value>
                <![CDATA["Title of your feature1"]]>
              </value>
            </param>
          </params>
          <reporter-output>
          </reporter-output>
        </test-method> <!-- runScenario -->
        <test-method is-config="true" signature="tearDownClass()[pri:0, instance:cucumberOptions.TestNGRunner@740773a3]" started-at="2022-06-24T12:17:44 IST" name="tearDownClass" finished-at="2022-06-24T12:17:44 IST" duration-ms="9" status="PASS">
          <reporter-output>
          </reporter-output>
        </test-method> <!-- tearDownClass -->
      </class> <!-- cucumberOptions.TestNGRunner -->
    </test> <!-- Default test -->
  </suite> <!-- Default suite -->
</testng-results>
